TN:
SF:src/api/server.ts
FN:36,isValidIso8601
FN:41,parsePageLimit
FN:54,buildServer
FN:63,(anonymous_3)
FN:72,(anonymous_4)
FN:80,(anonymous_5)
FN:93,onRequest
FN:99,(anonymous_7)
FN:153,(anonymous_8)
FN:174,(anonymous_9)
FN:226,(anonymous_10)
FN:257,(anonymous_11)
FN:276,(anonymous_12)
FN:291,(anonymous_13)
FNF:14
FNH:12
FNDA:3,isValidIso8601
FNDA:6,parsePageLimit
FNDA:17,buildServer
FNDA:5,(anonymous_3)
FNDA:1,(anonymous_4)
FNDA:1,(anonymous_5)
FNDA:4,onRequest
FNDA:3,(anonymous_7)
FNDA:0,(anonymous_8)
FNDA:8,(anonymous_9)
FNDA:2,(anonymous_10)
FNDA:2,(anonymous_11)
FNDA:0,(anonymous_12)
FNDA:2,(anonymous_13)
DA:22,1
DA:29,1
DA:37,3
DA:38,3
DA:42,6
DA:43,4
DA:46,2
DA:47,2
DA:48,0
DA:51,2
DA:55,17
DA:59,17
DA:60,17
DA:61,17
DA:65,5
DA:66,5
DA:68,0
DA:72,17
DA:73,1
DA:76,1
DA:77,1
DA:80,17
DA:81,1
DA:82,1
DA:83,1
DA:86,0
DA:87,0
DA:92,17
DA:94,4
DA:95,4
DA:96,4
DA:97,4
DA:100,3
DA:102,3
DA:103,1
DA:109,2
DA:110,2
DA:111,1
DA:117,1
DA:118,1
DA:119,1
DA:121,1
DA:143,1
DA:145,1
DA:151,17
DA:154,0
DA:155,0
DA:157,0
DA:159,0
DA:165,17
DA:176,8
DA:178,8
DA:179,1
DA:185,7
DA:186,1
DA:192,6
DA:193,0
DA:199,6
DA:200,6
DA:210,6
DA:212,8
DA:218,17
DA:227,2
DA:228,2
DA:229,2
DA:231,2
DA:232,2
DA:233,0
DA:235,2
DA:238,2
DA:239,2
DA:241,2
DA:242,2
DA:246,2
DA:249,2
DA:255,17
DA:258,2
DA:260,2
DA:261,1
DA:264,1
DA:268,1
DA:276,17
DA:277,0
DA:279,0
DA:283,0
DA:291,17
DA:292,2
DA:293,2
DA:295,2
DA:301,1
DA:308,17
LF:91
LH:78
BRDA:42,0,0,4
BRDA:42,0,1,2
BRDA:47,1,0,0
BRDA:47,1,1,2
BRDA:82,2,0,1
BRDA:82,2,1,0
BRDA:87,3,0,0
BRDA:87,3,1,0
BRDA:88,4,0,1
BRDA:88,4,1,0
BRDA:102,5,0,1
BRDA:102,5,1,2
BRDA:110,6,0,1
BRDA:110,6,1,1
BRDA:157,7,0,0
BRDA:157,7,1,0
BRDA:157,8,0,0
BRDA:157,8,1,0
BRDA:178,9,0,1
BRDA:178,9,1,7
BRDA:178,10,0,8
BRDA:178,10,1,2
BRDA:185,11,0,1
BRDA:185,11,1,6
BRDA:185,12,0,7
BRDA:185,12,1,2
BRDA:192,13,0,0
BRDA:192,13,1,6
BRDA:192,14,0,6
BRDA:192,14,1,1
BRDA:210,15,0,5
BRDA:210,15,1,1
BRDA:210,16,0,1
BRDA:210,16,1,0
BRDA:227,17,0,2
BRDA:227,17,1,1
BRDA:228,18,0,2
BRDA:228,18,1,2
BRDA:231,19,0,2
BRDA:231,19,1,1
BRDA:232,20,0,0
BRDA:232,20,1,2
BRDA:232,21,0,2
BRDA:232,21,1,2
BRDA:260,22,0,1
BRDA:260,22,1,1
BRDA:279,23,0,0
BRDA:279,23,1,0
BRF:48
BRH:34
end_of_record
TN:
SF:src/db/client.ts
FN:136,serializeRetryPolicyValue
FN:156,serializeRetryPolicy
FN:160,reviveRetryPolicy
FN:174,parseRetryPolicy
FN:193,parseHeaders
FN:197,parseErrorLog
FN:205,rowToRecord
FN:234,rowToRecordFromRetryQueue
FN:260,insertRecord
FN:277,updateStatus
FN:353,getRetryQueue
FN:358,getDeadLetters
FN:373,listRecords
FN:417,getBulkReplayTargets
FN:432,getRecordById
FN:444,getMetrics
FNF:16
FNH:14
FNDA:24,serializeRetryPolicyValue
FNDA:24,serializeRetryPolicy
FNDA:21,reviveRetryPolicy
FNDA:21,parseRetryPolicy
FNDA:21,parseHeaders
FNDA:15,parseErrorLog
FNDA:15,rowToRecord
FNDA:6,rowToRecordFromRetryQueue
FNDA:24,insertRecord
FNDA:9,updateStatus
FNDA:2,getRetryQueue
FNDA:0,getDeadLetters
FNDA:6,listRecords
FNDA:2,getBulkReplayTargets
FNDA:6,getRecordById
FNDA:0,getMetrics
DA:15,2
DA:16,2
DA:17,2
DA:59,2
DA:61,2
DA:62,2
DA:64,2
DA:81,2
DA:98,2
DA:107,2
DA:125,2
DA:141,24
DA:148,24
DA:153,24
DA:157,24
DA:161,21
DA:162,0
DA:171,21
DA:178,21
DA:180,21
DA:181,21
DA:187,0
DA:194,21
DA:198,15
DA:199,8
DA:202,7
DA:206,15
DA:207,15
DA:209,15
DA:211,15
DA:235,6
DA:237,6
DA:261,24
DA:282,9
DA:283,9
DA:285,9
DA:286,4
DA:287,4
DA:290,9
DA:291,7
DA:292,7
DA:295,9
DA:296,6
DA:297,6
DA:300,9
DA:301,6
DA:302,6
DA:305,9
DA:306,0
DA:310,0
DA:317,0
DA:318,0
DA:326,9
DA:327,0
DA:328,0
DA:331,9
DA:332,0
DA:333,0
DA:336,9
DA:337,0
DA:338,0
DA:341,9
DA:342,0
DA:343,0
DA:346,9
DA:348,9
DA:354,2
DA:355,2
DA:359,0
DA:360,0
DA:361,0
DA:374,6
DA:375,6
DA:377,6
DA:378,1
DA:379,1
DA:382,6
DA:383,1
DA:384,1
DA:387,6
DA:388,1
DA:389,1
DA:392,6
DA:393,1
DA:394,1
DA:397,6
DA:398,1
DA:399,1
DA:403,6
DA:404,6
DA:406,6
DA:408,6
DA:414,6
DA:422,2
DA:423,2
DA:429,2
DA:433,6
DA:437,6
DA:438,1
DA:441,5
DA:454,0
DA:456,0
LF:102
LH:83
BRDA:15,0,0,2
BRDA:15,0,1,0
BRDA:141,1,0,0
BRDA:141,1,1,24
BRDA:161,2,0,0
BRDA:161,2,1,21
BRDA:165,3,0,0
BRDA:165,3,1,0
BRDA:180,4,0,21
BRDA:180,4,1,0
BRDA:180,5,0,21
BRDA:180,5,1,21
BRDA:183,6,0,21
BRDA:183,6,1,0
BRDA:198,7,0,8
BRDA:198,7,1,7
BRDA:209,8,0,6
BRDA:209,8,1,9
BRDA:209,9,0,15
BRDA:209,9,1,14
BRDA:245,10,0,6
BRDA:245,10,1,6
BRDA:254,11,0,6
BRDA:254,11,1,6
BRDA:255,12,0,6
BRDA:255,12,1,6
BRDA:273,13,0,8
BRDA:273,13,1,16
BRDA:285,14,0,4
BRDA:285,14,1,5
BRDA:290,15,0,7
BRDA:290,15,1,2
BRDA:295,16,0,6
BRDA:295,16,1,3
BRDA:300,17,0,6
BRDA:300,17,1,3
BRDA:302,18,0,4
BRDA:302,18,1,2
BRDA:305,19,0,0
BRDA:305,19,1,9
BRDA:305,20,0,9
BRDA:305,20,1,9
BRDA:310,21,0,0
BRDA:310,21,1,0
BRDA:320,22,0,0
BRDA:320,22,1,0
BRDA:321,23,0,0
BRDA:321,23,1,0
BRDA:326,24,0,0
BRDA:326,24,1,9
BRDA:331,25,0,0
BRDA:331,25,1,9
BRDA:336,26,0,0
BRDA:336,26,1,9
BRDA:341,27,0,0
BRDA:341,27,1,9
BRDA:353,28,0,2
BRDA:358,29,0,0
BRDA:359,30,0,0
BRDA:359,30,1,0
BRDA:373,31,0,6
BRDA:377,32,0,1
BRDA:377,32,1,5
BRDA:382,33,0,1
BRDA:382,33,1,5
BRDA:387,34,0,1
BRDA:387,34,1,5
BRDA:392,35,0,1
BRDA:392,35,1,5
BRDA:397,36,0,1
BRDA:397,36,1,5
BRDA:403,37,0,4
BRDA:403,37,1,2
BRDA:404,38,0,6
BRDA:404,38,1,0
BRDA:420,39,0,2
BRDA:422,40,0,2
BRDA:422,40,1,1
BRDA:437,41,0,1
BRDA:437,41,1,5
BRDA:459,42,0,0
BRDA:459,42,1,0
BRDA:460,43,0,0
BRDA:460,43,1,0
BRDA:461,44,0,0
BRDA:461,44,1,0
BRDA:462,45,0,0
BRDA:462,45,1,0
BRF:88
BRH:58
end_of_record
TN:
SF:src/engine/backoff.ts
FN:4,randomBetween
FN:14,calculateBackoffMs
FNF:2
FNH:2
FNDA:16,randomBetween
FNDA:20,calculateBackoffMs
DA:5,16
DA:19,20
DA:20,3
DA:23,17
DA:24,1
DA:27,16
DA:31,16
DA:33,16
DA:34,1
DA:35,0
DA:39,16
LF:11
LH:10
BRDA:19,0,0,3
BRDA:19,0,1,17
BRDA:19,1,0,20
BRDA:19,1,1,18
BRDA:23,2,0,1
BRDA:23,2,1,16
BRDA:23,3,0,17
BRDA:23,3,1,2
BRDA:33,4,0,1
BRDA:33,4,1,15
BRDA:34,5,0,0
BRDA:34,5,1,1
BRF:12
BRH:11
end_of_record
TN:
SF:src/engine/replayEngine.ts
FN:9,buildDeliveryError
FN:24,headersToFetchInit
FN:36,nextRetryAtFromDelayMs
FN:40,nextRetryAtFromRetryAfterSeconds
FN:49,constructor
FN:51,start
FN:56,stop
FN:65,scheduleNext
FN:70,(anonymous_8)
FN:75,_processBatch
FN:94,logTransition
FN:112,processRecord
FN:172,handleFailure
FNF:13
FNH:10
FNDA:4,buildDeliveryError
FNDA:6,headersToFetchInit
FNDA:4,nextRetryAtFromDelayMs
FNDA:0,nextRetryAtFromRetryAfterSeconds
FNDA:2,constructor
FNDA:0,start
FNDA:2,stop
FNDA:2,scheduleNext
FNDA:0,(anonymous_8)
FNDA:3,_processBatch
FNDA:6,logTransition
FNDA:6,processRecord
FNDA:4,handleFailure
DA:7,1
DA:15,4
DA:27,6
DA:29,6
DA:30,6
DA:33,6
DA:37,4
DA:41,0
DA:45,2
DA:46,2
DA:47,2
DA:49,2
DA:52,0
DA:53,0
DA:57,2
DA:59,2
DA:60,2
DA:61,2
DA:66,2
DA:67,0
DA:70,2
DA:71,0
DA:76,3
DA:77,1
DA:80,2
DA:82,2
DA:83,2
DA:85,2
DA:86,6
DA:89,2
DA:90,2
DA:100,6
DA:113,6
DA:115,6
DA:116,6
DA:122,4
DA:123,2
DA:124,2
DA:127,2
DA:130,2
DA:131,0
DA:133,0
DA:137,0
DA:143,0
DA:144,0
DA:148,0
DA:151,2
DA:162,2
DA:164,2
DA:177,4
DA:178,4
DA:184,4
DA:185,0
DA:188,0
DA:192,0
DA:195,4
DA:196,4
DA:197,4
LF:58
LH:44
BRDA:30,0,0,0
BRDA:30,0,1,6
BRDA:59,1,0,2
BRDA:59,1,1,0
BRDA:66,2,0,0
BRDA:66,2,1,2
BRDA:76,3,0,1
BRDA:76,3,1,2
BRDA:122,4,0,2
BRDA:122,4,1,2
BRDA:122,5,0,4
BRDA:122,5,1,4
BRDA:130,6,0,0
BRDA:130,6,1,2
BRDA:133,7,0,0
BRDA:133,7,1,0
BRDA:133,8,0,0
BRDA:133,8,1,0
BRDA:143,9,0,0
BRDA:143,9,1,0
BRDA:162,10,0,2
BRDA:162,10,1,0
BRDA:184,11,0,0
BRDA:184,11,1,4
BRF:24
BRH:12
end_of_record
TN:
SF:src/validators/webhookPayload.ts
FNF:0
FNH:0
DA:5,2
DA:10,2
DA:15,2
DA:20,2
LF:4
LH:4
BRF:0
BRH:0
end_of_record
